<?xml version="1.0" encoding="UTF-8"?>
<!-- Generated by org.testng.reporters.JUnitReportReporter -->
<testsuite hostname="DESKTOP-59NO5IH" name="scripts.ValidLogin" tests="1" failures="0" timestamp="3 Dec 2019 12:00:04 GMT" time="9.872" errors="0">
  <testcase name="validlogin" time="9.872" classname="scripts.ValidLogin"/>
</testsuite> <!-- scripts.ValidLogin -->
